<?xml version="1.0" encoding="UTF-8"?>
<!-- Generated by org.testng.reporters.JUnitReportReporter -->
<testsuite skipped="0" hostname="LTSB-V14-2018" name="PackageTestCases.IMBTestCases" tests="5" failures="0" timestamp="15 may 2019 02:29:33 GMT" time="73.406" errors="0">
  <testcase name="TestCase_03_ChangeZone" time="12.674" classname="PackageTestCases.IMBTestCases"/>
  <testcase name="TestCase_02_VerifySearch" time="12.721" classname="PackageTestCases.IMBTestCases"/>
  <testcase name="TestCase_05_AdvanceSearch" time="25.101" classname="PackageTestCases.IMBTestCases"/>
  <testcase name="TestCase_01_Login" time="12.224" classname="PackageTestCases.IMBTestCases"/>
  <testcase name="TestCase_04_SelectSearch" time="10.686" classname="PackageTestCases.IMBTestCases"/>
</testsuite> <!-- PackageTestCases.IMBTestCases -->
